INFO [2019-01-25 11:53:43] $x
INFO [2019-01-25 11:53:43] list(unlist(m143.target), unlist(na.omit(mir143[which(mir143$padj < 
INFO [2019-01-25 11:53:43]     0.05), ]$Gene_name)))
INFO [2019-01-25 11:53:43] 
INFO [2019-01-25 11:53:43] $filename
INFO [2019-01-25 11:53:43] NULL
INFO [2019-01-25 11:53:43] 
INFO [2019-01-25 11:53:43] $category.names
INFO [2019-01-25 11:53:43] c("Predicted targets", "Upregulated in DEseq")
INFO [2019-01-25 11:53:43] 
INFO [2019-01-25 11:53:43] $main
INFO [2019-01-25 11:53:43] [1] "miR-143"
INFO [2019-01-25 11:53:43] 
INFO [2019-01-25 11:53:43] $imagetype
INFO [2019-01-25 11:53:43] [1] "png"
INFO [2019-01-25 11:53:43] 
INFO [2019-01-25 11:53:43] $fill
INFO [2019-01-25 11:53:43] c("dodgerblue", "firebrick")
INFO [2019-01-25 11:53:43] 
INFO [2019-01-25 11:53:43] $cat.pos
INFO [2019-01-25 11:53:43] c(0, 0)
INFO [2019-01-25 11:53:43] 
