INFO [2019-01-25 11:53:42] $x
INFO [2019-01-25 11:53:42] list(unlist(m143.target), unlist(na.omit(mir143[which(mir143$padj < 
INFO [2019-01-25 11:53:42]     0.05), ]$Gene_name)))
INFO [2019-01-25 11:53:42] 
INFO [2019-01-25 11:53:42] $filename
INFO [2019-01-25 11:53:42] [1] "./Kate/functional_analysis_plots/Venn_pred_vs_upreg_mir143.png"
INFO [2019-01-25 11:53:42] 
INFO [2019-01-25 11:53:42] $category.names
INFO [2019-01-25 11:53:42] c("Predicted targets", "Upregulated in DEseq")
INFO [2019-01-25 11:53:42] 
INFO [2019-01-25 11:53:42] $main
INFO [2019-01-25 11:53:42] [1] "miR-143"
INFO [2019-01-25 11:53:42] 
INFO [2019-01-25 11:53:42] $imagetype
INFO [2019-01-25 11:53:42] [1] "png"
INFO [2019-01-25 11:53:42] 
INFO [2019-01-25 11:53:42] $fill
INFO [2019-01-25 11:53:42] c("dodgerblue", "firebrick")
INFO [2019-01-25 11:53:42] 
INFO [2019-01-25 11:53:42] $cat.pos
INFO [2019-01-25 11:53:42] c(0, 0)
INFO [2019-01-25 11:53:42] 
