INFO [2019-01-25 11:50:46] $x
INFO [2019-01-25 11:50:46] list(unlist(x.target), unlist(m143.target))
INFO [2019-01-25 11:50:46] 
INFO [2019-01-25 11:50:46] $filename
INFO [2019-01-25 11:50:46] [1] "./Kate/functional_analysis_plots/Venn_Xtargets_143targets_pred.png"
INFO [2019-01-25 11:50:46] 
INFO [2019-01-25 11:50:46] $category.names
INFO [2019-01-25 11:50:46] c("miR-X", "miR-143")
INFO [2019-01-25 11:50:46] 
INFO [2019-01-25 11:50:46] $main
INFO [2019-01-25 11:50:46] [1] "Predicted miR targets"
INFO [2019-01-25 11:50:46] 
INFO [2019-01-25 11:50:46] $imagetype
INFO [2019-01-25 11:50:46] [1] "png"
INFO [2019-01-25 11:50:46] 
INFO [2019-01-25 11:50:46] $fill
INFO [2019-01-25 11:50:46] c("dodgerblue", "firebrick")
INFO [2019-01-25 11:50:46] 
INFO [2019-01-25 11:50:46] $cat.pos
INFO [2019-01-25 11:50:46] c(0, 0)
INFO [2019-01-25 11:50:46] 
